2018-11-24T19:42:55.051177Z 0 [Warning] TIMESTAMP with implicit DEFAULT value is deprecated. Please use --explicit_defaults_for_timestamp server option (see documentation for more details).
2018-11-24T19:42:55.051695Z 0 [Note] /usr/sbin/mysqld (mysqld 5.7.23) starting as process 31 ...
2018-11-24T19:42:55.093357Z 0 [Note] InnoDB: PUNCH HOLE support available
2018-11-24T19:42:55.093413Z 0 [Note] InnoDB: Mutexes and rw_locks use GCC atomic builtins
2018-11-24T19:42:55.093421Z 0 [Note] InnoDB: Uses event mutexes
2018-11-24T19:42:55.093427Z 0 [Note] InnoDB: GCC builtin __atomic_thread_fence() is used for memory barrier
2018-11-24T19:42:55.093432Z 0 [Note] InnoDB: Compressed tables use zlib 1.2.3
2018-11-24T19:42:55.093438Z 0 [Note] InnoDB: Using Linux native AIO
2018-11-24T19:42:55.093741Z 0 [Note] InnoDB: Number of pools: 1
2018-11-24T19:42:55.093877Z 0 [Note] InnoDB: Using CPU crc32 instructions
2018-11-24T19:42:55.124759Z 0 [Note] InnoDB: Initializing buffer pool, total size = 32M, instances = 1, chunk size = 32M
2018-11-24T19:42:55.128424Z 0 [Note] InnoDB: Completed initialization of buffer pool
2018-11-24T19:42:55.151952Z 0 [Note] InnoDB: If the mysqld execution user is authorized, page cleaner thread priority can be changed. See the man page of setpriority().
2018-11-24T19:42:55.183324Z 0 [Note] InnoDB: Highest supported file format is Barracuda.
2018-11-24T19:42:55.189122Z 0 [Note] InnoDB: Log scan progressed past the checkpoint lsn 2588963
2018-11-24T19:42:55.189164Z 0 [Note] InnoDB: Doing recovery: scanned up to log sequence number 2591784
2018-11-24T19:42:55.204254Z 0 [Note] InnoDB: Database was not shutdown normally!
2018-11-24T19:42:55.204282Z 0 [Note] InnoDB: Starting crash recovery.
2018-11-24T19:42:56.098771Z 0 [Note] InnoDB: Starting an apply batch of log records to the database...
InnoDB: Progress in percent: 16 17 18 19 20 21 22 23 24 25 26 27 28 29 30 31 32 33 34 35 36 37 38 39 40 41 42 43 44 45 46 47 48 49 50 51 52 53 54 55 56 57 58 59 60 61 62 63 64 65 66 67 68 69 70 71 72 73 74 75 76 77 78 79 80 81 82 83 84 85 86 87 88 89 90 91 92 93 94 95 96 97 98 99 
2018-11-24T19:42:56.629575Z 0 [Note] InnoDB: Apply batch completed
2018-11-24T19:42:56.736346Z 0 [Note] InnoDB: Removed temporary tablespace data file: "ibtmp1"
2018-11-24T19:42:56.737034Z 0 [Note] InnoDB: Creating shared tablespace for temporary tables
2018-11-24T19:42:56.738012Z 0 [Note] InnoDB: Setting file './ibtmp1' size to 12 MB. Physically writing the file full; Please wait ...
2018-11-24T19:42:56.802909Z 0 [Note] InnoDB: File './ibtmp1' size is now 12 MB.
2018-11-24T19:42:56.803789Z 0 [Note] InnoDB: 96 redo rollback segment(s) found. 96 redo rollback segment(s) are active.
2018-11-24T19:42:56.803818Z 0 [Note] InnoDB: 32 non-redo rollback segment(s) are active.
2018-11-24T19:42:56.804662Z 0 [Note] InnoDB: Waiting for purge to start
2018-11-24T19:42:56.865147Z 0 [Note] InnoDB: 5.7.23 started; log sequence number 2591784
2018-11-24T19:42:56.865788Z 0 [Note] Plugin 'FEDERATED' is disabled.
2018-11-24T19:42:56.868475Z 0 [Warning] Failed to set up SSL because of the following SSL library error: SSL context is not usable without certificate and private key
2018-11-24T19:42:56.868501Z 0 [Note] Server hostname (bind-address): '*'; port: 3306
2018-11-24T19:42:56.868556Z 0 [Note] IPv6 is available.
2018-11-24T19:42:56.868573Z 0 [Note]   - '::' resolves to '::';
2018-11-24T19:42:56.868582Z 0 [Note] Server socket created on IP: '::'.
2018-11-24T19:42:56.872100Z 0 [Note] InnoDB: Loading buffer pool(s) from /var/lib/mysql/ib_buffer_pool
2018-11-24T19:42:56.875814Z 0 [Warning] Insecure configuration for --pid-file: Location '/var/run/mysqld' in the path is accessible to all OS users. Consider choosing a different directory.
2018-11-24T19:42:56.880516Z 0 [Note] InnoDB: Buffer pool(s) load completed at 181124 19:42:56
2018-11-24T19:42:56.897139Z 0 [ERROR] /usr/sbin/mysqld: Table './mysql/user' is marked as crashed and should be repaired
2018-11-24T19:42:56.897639Z 0 [Warning] Checking table:   './mysql/user'
2018-11-24T19:42:56.897665Z 0 [ERROR] 1 client is using or hasn't closed the table properly
2018-11-24T19:42:56.900149Z 0 [Warning] 'user' entry 'root@localhost' ignored in --skip-name-resolve mode.
2018-11-24T19:42:56.900199Z 0 [Warning] 'user' entry 'mysql.session@localhost' ignored in --skip-name-resolve mode.
2018-11-24T19:42:56.900211Z 0 [Warning] 'user' entry 'mysql.sys@localhost' ignored in --skip-name-resolve mode.
2018-11-24T19:42:56.900238Z 0 [Warning] 'db' entry 'performance_schema mysql.session@localhost' ignored in --skip-name-resolve mode.
2018-11-24T19:42:56.900245Z 0 [Warning] 'db' entry 'sys mysql.sys@localhost' ignored in --skip-name-resolve mode.
2018-11-24T19:42:56.900258Z 0 [Warning] 'proxies_priv' entry '@ root@localhost' ignored in --skip-name-resolve mode.
2018-11-24T19:42:56.903031Z 0 [Warning] 'tables_priv' entry 'user mysql.session@localhost' ignored in --skip-name-resolve mode.
2018-11-24T19:42:56.903061Z 0 [Warning] 'tables_priv' entry 'sys_config mysql.sys@localhost' ignored in --skip-name-resolve mode.
2018-11-24T19:42:56.952078Z 0 [Note] Event Scheduler: Loaded 0 events
2018-11-24T19:42:56.952382Z 0 [Note] /usr/sbin/mysqld: ready for connections.
Version: '5.7.23'  socket: '/var/run/mysqld/mysqld.sock'  port: 3306  MySQL Community Server (GPL)
2018-11-24T19:42:58.099885Z 4 [ERROR] /usr/sbin/mysqld: Table './mysql/proc' is marked as crashed and should be repaired
2018-11-24T19:42:58.101727Z 4 [Warning] Checking table:   './mysql/proc'
2018-11-24T19:42:58.172416Z 6 [Warning] 'user' entry 'root@localhost' ignored in --skip-name-resolve mode.
2018-11-24T19:42:58.172441Z 6 [Warning] 'user' entry 'mysql.session@localhost' ignored in --skip-name-resolve mode.
2018-11-24T19:42:58.172448Z 6 [Warning] 'user' entry 'mysql.sys@localhost' ignored in --skip-name-resolve mode.
2018-11-24T19:42:58.172464Z 6 [Warning] 'db' entry 'performance_schema mysql.session@localhost' ignored in --skip-name-resolve mode.
2018-11-24T19:42:58.172468Z 6 [Warning] 'db' entry 'sys mysql.sys@localhost' ignored in --skip-name-resolve mode.
2018-11-24T19:42:58.172477Z 6 [Warning] 'proxies_priv' entry '@ root@localhost' ignored in --skip-name-resolve mode.
2018-11-24T19:42:58.172619Z 6 [Warning] 'tables_priv' entry 'user mysql.session@localhost' ignored in --skip-name-resolve mode.
2018-11-24T19:42:58.172628Z 6 [Warning] 'tables_priv' entry 'sys_config mysql.sys@localhost' ignored in --skip-name-resolve mode.
2018-11-25T23:22:49.201583Z 0 [Note] Giving 0 client threads a chance to die gracefully
2018-11-25T23:22:49.209715Z 0 [Note] Shutting down slave threads
2018-11-25T23:22:49.209742Z 0 [Note] Forcefully disconnecting 0 remaining clients
2018-11-25T23:22:49.209755Z 0 [Note] Event Scheduler: Purging the queue. 0 events
2018-11-25T23:22:49.291726Z 0 [Note] Binlog end
2018-11-25T23:22:49.310726Z 0 [Note] Shutting down plugin 'ngram'
2018-11-25T23:22:49.310749Z 0 [Note] Shutting down plugin 'partition'
2018-11-25T23:22:49.310752Z 0 [Note] Shutting down plugin 'BLACKHOLE'
2018-11-25T23:22:49.310755Z 0 [Note] Shutting down plugin 'ARCHIVE'
2018-11-25T23:22:49.310757Z 0 [Note] Shutting down plugin 'PERFORMANCE_SCHEMA'
2018-11-25T23:22:49.310779Z 0 [Note] Shutting down plugin 'MRG_MYISAM'
2018-11-25T23:22:49.310782Z 0 [Note] Shutting down plugin 'MyISAM'
2018-11-25T23:22:49.310792Z 0 [Note] Shutting down plugin 'INNODB_SYS_VIRTUAL'
2018-11-25T23:22:49.310795Z 0 [Note] Shutting down plugin 'INNODB_SYS_DATAFILES'
2018-11-25T23:22:49.310797Z 0 [Note] Shutting down plugin 'INNODB_SYS_TABLESPACES'
2018-11-25T23:22:49.310799Z 0 [Note] Shutting down plugin 'INNODB_SYS_FOREIGN_COLS'
2018-11-25T23:22:49.310801Z 0 [Note] Shutting down plugin 'INNODB_SYS_FOREIGN'
2018-11-25T23:22:49.310803Z 0 [Note] Shutting down plugin 'INNODB_SYS_FIELDS'
2018-11-25T23:22:49.310805Z 0 [Note] Shutting down plugin 'INNODB_SYS_COLUMNS'
2018-11-25T23:22:49.310807Z 0 [Note] Shutting down plugin 'INNODB_SYS_INDEXES'
2018-11-25T23:22:49.310809Z 0 [Note] Shutting down plugin 'INNODB_SYS_TABLESTATS'
2018-11-25T23:22:49.310811Z 0 [Note] Shutting down plugin 'INNODB_SYS_TABLES'
2018-11-25T23:22:49.310813Z 0 [Note] Shutting down plugin 'INNODB_FT_INDEX_TABLE'
2018-11-25T23:22:49.310823Z 0 [Note] Shutting down plugin 'INNODB_FT_INDEX_CACHE'
2018-11-25T23:22:49.310825Z 0 [Note] Shutting down plugin 'INNODB_FT_CONFIG'
2018-11-25T23:22:49.310828Z 0 [Note] Shutting down plugin 'INNODB_FT_BEING_DELETED'
2018-11-25T23:22:49.310830Z 0 [Note] Shutting down plugin 'INNODB_FT_DELETED'
2018-11-25T23:22:49.310832Z 0 [Note] Shutting down plugin 'INNODB_FT_DEFAULT_STOPWORD'
2018-11-25T23:22:49.310834Z 0 [Note] Shutting down plugin 'INNODB_METRICS'
2018-11-25T23:22:49.310836Z 0 [Note] Shutting down plugin 'INNODB_TEMP_TABLE_INFO'
2018-11-25T23:22:49.310838Z 0 [Note] Shutting down plugin 'INNODB_BUFFER_POOL_STATS'
2018-11-25T23:22:49.310840Z 0 [Note] Shutting down plugin 'INNODB_BUFFER_PAGE_LRU'
2018-11-25T23:22:49.310842Z 0 [Note] Shutting down plugin 'INNODB_BUFFER_PAGE'
2018-11-25T23:22:49.310844Z 0 [Note] Shutting down plugin 'INNODB_CMP_PER_INDEX_RESET'
2018-11-25T23:22:49.310846Z 0 [Note] Shutting down plugin 'INNODB_CMP_PER_INDEX'
2018-11-25T23:22:49.310848Z 0 [Note] Shutting down plugin 'INNODB_CMPMEM_RESET'
2018-11-25T23:22:49.310850Z 0 [Note] Shutting down plugin 'INNODB_CMPMEM'
2018-11-25T23:22:49.310851Z 0 [Note] Shutting down plugin 'INNODB_CMP_RESET'
2018-11-25T23:22:49.310853Z 0 [Note] Shutting down plugin 'INNODB_CMP'
2018-11-25T23:22:49.310855Z 0 [Note] Shutting down plugin 'INNODB_LOCK_WAITS'
2018-11-25T23:22:49.310857Z 0 [Note] Shutting down plugin 'INNODB_LOCKS'
2018-11-25T23:22:49.310859Z 0 [Note] Shutting down plugin 'INNODB_TRX'
2018-11-25T23:22:49.310861Z 0 [Note] Shutting down plugin 'InnoDB'
2018-11-25T23:22:49.310959Z 0 [Note] InnoDB: FTS optimize thread exiting.
2018-11-25T23:22:49.312308Z 0 [Note] InnoDB: Starting shutdown...
2018-11-25T23:22:49.418276Z 0 [Note] InnoDB: Dumping buffer pool(s) to /var/lib/mysql/ib_buffer_pool
2018-11-25T23:22:49.430216Z 0 [Note] InnoDB: Buffer pool(s) dump completed at 181125 23:22:49
2018-11-25T23:22:50.663227Z 0 [Note] InnoDB: Shutdown completed; log sequence number 4001193
2018-11-25T23:22:50.663984Z 0 [Note] InnoDB: Removed temporary tablespace data file: "ibtmp1"
2018-11-25T23:22:50.664001Z 0 [Note] Shutting down plugin 'MEMORY'
2018-11-25T23:22:50.664007Z 0 [Note] Shutting down plugin 'CSV'
2018-11-25T23:22:50.664011Z 0 [Note] Shutting down plugin 'sha256_password'
2018-11-25T23:22:50.664014Z 0 [Note] Shutting down plugin 'mysql_native_password'
2018-11-25T23:22:50.664153Z 0 [Note] Shutting down plugin 'binlog'
2018-11-25T23:22:50.664807Z 0 [Note] /usr/sbin/mysqld: Shutdown complete

2018-12-01T02:33:20.638632Z 0 [Warning] TIMESTAMP with implicit DEFAULT value is deprecated. Please use --explicit_defaults_for_timestamp server option (see documentation for more details).
2018-12-01T02:33:20.647401Z 0 [Note] /usr/sbin/mysqld (mysqld 5.7.23) starting as process 41 ...
2018-12-01T02:33:20.846092Z 0 [Note] InnoDB: PUNCH HOLE support available
2018-12-01T02:33:20.846145Z 0 [Note] InnoDB: Mutexes and rw_locks use GCC atomic builtins
2018-12-01T02:33:20.846152Z 0 [Note] InnoDB: Uses event mutexes
2018-12-01T02:33:20.846157Z 0 [Note] InnoDB: GCC builtin __atomic_thread_fence() is used for memory barrier
2018-12-01T02:33:20.846161Z 0 [Note] InnoDB: Compressed tables use zlib 1.2.3
2018-12-01T02:33:20.846166Z 0 [Note] InnoDB: Using Linux native AIO
2018-12-01T02:33:20.853197Z 0 [Note] InnoDB: Number of pools: 1
2018-12-01T02:33:20.862011Z 0 [Note] InnoDB: Using CPU crc32 instructions
2018-12-01T02:33:20.868534Z 0 [Note] InnoDB: Initializing buffer pool, total size = 32M, instances = 1, chunk size = 32M
2018-12-01T02:33:20.877150Z 0 [Note] InnoDB: Completed initialization of buffer pool
2018-12-01T02:33:20.887936Z 0 [Note] InnoDB: If the mysqld execution user is authorized, page cleaner thread priority can be changed. See the man page of setpriority().
2018-12-01T02:33:20.932897Z 0 [Note] InnoDB: Highest supported file format is Barracuda.
2018-12-01T02:33:21.155709Z 0 [Note] InnoDB: Creating shared tablespace for temporary tables
2018-12-01T02:33:21.156431Z 0 [Note] InnoDB: Setting file './ibtmp1' size to 12 MB. Physically writing the file full; Please wait ...
2018-12-01T02:33:21.290643Z 0 [Note] InnoDB: File './ibtmp1' size is now 12 MB.
2018-12-01T02:33:21.292804Z 0 [Note] InnoDB: 96 redo rollback segment(s) found. 96 redo rollback segment(s) are active.
2018-12-01T02:33:21.292835Z 0 [Note] InnoDB: 32 non-redo rollback segment(s) are active.
2018-12-01T02:33:21.293746Z 0 [Note] InnoDB: Waiting for purge to start
2018-12-01T02:33:21.346884Z 0 [Note] InnoDB: 5.7.23 started; log sequence number 4001193
2018-12-01T02:33:21.348519Z 0 [Note] Plugin 'FEDERATED' is disabled.
2018-12-01T02:33:21.349333Z 0 [Note] InnoDB: Loading buffer pool(s) from /var/lib/mysql/ib_buffer_pool
2018-12-01T02:33:21.366518Z 0 [Note] InnoDB: Buffer pool(s) load completed at 181201  2:33:21
2018-12-01T02:33:21.382326Z 0 [Warning] Failed to set up SSL because of the following SSL library error: SSL context is not usable without certificate and private key
2018-12-01T02:33:21.382363Z 0 [Note] Server hostname (bind-address): '*'; port: 3306
2018-12-01T02:33:21.383115Z 0 [Note] IPv6 is available.
2018-12-01T02:33:21.385023Z 0 [Note]   - '::' resolves to '::';
2018-12-01T02:33:21.385075Z 0 [Note] Server socket created on IP: '::'.
2018-12-01T02:33:21.389209Z 0 [Warning] Insecure configuration for --pid-file: Location '/var/run/mysqld' in the path is accessible to all OS users. Consider choosing a different directory.
2018-12-01T02:33:21.429822Z 0 [Warning] 'user' entry 'root@localhost' ignored in --skip-name-resolve mode.
2018-12-01T02:33:21.429884Z 0 [Warning] 'user' entry 'mysql.session@localhost' ignored in --skip-name-resolve mode.
2018-12-01T02:33:21.429897Z 0 [Warning] 'user' entry 'mysql.sys@localhost' ignored in --skip-name-resolve mode.
2018-12-01T02:33:21.430577Z 0 [Warning] 'db' entry 'performance_schema mysql.session@localhost' ignored in --skip-name-resolve mode.
2018-12-01T02:33:21.430601Z 0 [Warning] 'db' entry 'sys mysql.sys@localhost' ignored in --skip-name-resolve mode.
2018-12-01T02:33:21.431075Z 0 [Warning] 'proxies_priv' entry '@ root@localhost' ignored in --skip-name-resolve mode.
2018-12-01T02:33:21.462415Z 0 [Warning] 'tables_priv' entry 'user mysql.session@localhost' ignored in --skip-name-resolve mode.
2018-12-01T02:33:21.462444Z 0 [Warning] 'tables_priv' entry 'sys_config mysql.sys@localhost' ignored in --skip-name-resolve mode.
2018-12-01T02:33:21.626303Z 0 [Note] Event Scheduler: Loaded 0 events
2018-12-01T02:33:21.636958Z 0 [Note] /usr/sbin/mysqld: ready for connections.
Version: '5.7.23'  socket: '/var/run/mysqld/mysqld.sock'  port: 3306  MySQL Community Server (GPL)
2018-12-01T07:24:22.565261Z 0 [Note] InnoDB: page_cleaner: 1000ms intended loop took 2365864ms. The settings might not be optimal. (flushed=0 and evicted=0, during the time.)
2018-12-01T12:29:43.571230Z 0 [Note] InnoDB: page_cleaner: 1000ms intended loop took 15094207ms. The settings might not be optimal. (flushed=0 and evicted=0, during the time.)
2018-12-04T16:47:40.013808Z 0 [Note] Giving 1 client threads a chance to die gracefully
2018-12-04T16:47:40.017137Z 0 [Note] Shutting down slave threads
2018-12-04T16:47:42.017809Z 0 [Note] Forcefully disconnecting 0 remaining clients
2018-12-04T16:47:42.018328Z 0 [Note] Event Scheduler: Purging the queue. 0 events
2018-12-04T16:47:42.018418Z 0 [Note] Binlog end
2018-12-04T16:47:42.021512Z 0 [Note] Shutting down plugin 'ngram'
2018-12-04T16:47:42.021545Z 0 [Note] Shutting down plugin 'partition'
2018-12-04T16:47:42.021550Z 0 [Note] Shutting down plugin 'BLACKHOLE'
2018-12-04T16:47:42.021553Z 0 [Note] Shutting down plugin 'ARCHIVE'
2018-12-04T16:47:42.021556Z 0 [Note] Shutting down plugin 'PERFORMANCE_SCHEMA'
2018-12-04T16:47:42.021647Z 0 [Note] Shutting down plugin 'MRG_MYISAM'
2018-12-04T16:47:42.021657Z 0 [Note] Shutting down plugin 'MyISAM'
2018-12-04T16:47:42.021672Z 0 [Note] Shutting down plugin 'INNODB_SYS_VIRTUAL'
2018-12-04T16:47:42.021681Z 0 [Note] Shutting down plugin 'INNODB_SYS_DATAFILES'
2018-12-04T16:47:42.021683Z 0 [Note] Shutting down plugin 'INNODB_SYS_TABLESPACES'
2018-12-04T16:47:42.021686Z 0 [Note] Shutting down plugin 'INNODB_SYS_FOREIGN_COLS'
2018-12-04T16:47:42.021693Z 0 [Note] Shutting down plugin 'INNODB_SYS_FOREIGN'
2018-12-04T16:47:42.021697Z 0 [Note] Shutting down plugin 'INNODB_SYS_FIELDS'
2018-12-04T16:47:42.021699Z 0 [Note] Shutting down plugin 'INNODB_SYS_COLUMNS'
2018-12-04T16:47:42.021702Z 0 [Note] Shutting down plugin 'INNODB_SYS_INDEXES'
2018-12-04T16:47:42.021704Z 0 [Note] Shutting down plugin 'INNODB_SYS_TABLESTATS'
2018-12-04T16:47:42.021707Z 0 [Note] Shutting down plugin 'INNODB_SYS_TABLES'
2018-12-04T16:47:42.021709Z 0 [Note] Shutting down plugin 'INNODB_FT_INDEX_TABLE'
2018-12-04T16:47:42.021712Z 0 [Note] Shutting down plugin 'INNODB_FT_INDEX_CACHE'
2018-12-04T16:47:42.021714Z 0 [Note] Shutting down plugin 'INNODB_FT_CONFIG'
2018-12-04T16:47:42.021716Z 0 [Note] Shutting down plugin 'INNODB_FT_BEING_DELETED'
2018-12-04T16:47:42.021719Z 0 [Note] Shutting down plugin 'INNODB_FT_DELETED'
2018-12-04T16:47:42.021721Z 0 [Note] Shutting down plugin 'INNODB_FT_DEFAULT_STOPWORD'
2018-12-04T16:47:42.021724Z 0 [Note] Shutting down plugin 'INNODB_METRICS'
2018-12-04T16:47:42.021726Z 0 [Note] Shutting down plugin 'INNODB_TEMP_TABLE_INFO'
2018-12-04T16:47:42.021729Z 0 [Note] Shutting down plugin 'INNODB_BUFFER_POOL_STATS'
2018-12-04T16:47:42.021731Z 0 [Note] Shutting down plugin 'INNODB_BUFFER_PAGE_LRU'
2018-12-04T16:47:42.021733Z 0 [Note] Shutting down plugin 'INNODB_BUFFER_PAGE'
2018-12-04T16:47:42.021736Z 0 [Note] Shutting down plugin 'INNODB_CMP_PER_INDEX_RESET'
2018-12-04T16:47:42.021738Z 0 [Note] Shutting down plugin 'INNODB_CMP_PER_INDEX'
2018-12-04T16:47:42.021741Z 0 [Note] Shutting down plugin 'INNODB_CMPMEM_RESET'
2018-12-04T16:47:42.021743Z 0 [Note] Shutting down plugin 'INNODB_CMPMEM'
2018-12-04T16:47:42.021746Z 0 [Note] Shutting down plugin 'INNODB_CMP_RESET'
2018-12-04T16:47:42.021748Z 0 [Note] Shutting down plugin 'INNODB_CMP'
2018-12-04T16:47:42.021751Z 0 [Note] Shutting down plugin 'INNODB_LOCK_WAITS'
2018-12-04T16:47:42.021753Z 0 [Note] Shutting down plugin 'INNODB_LOCKS'
2018-12-04T16:47:42.021756Z 0 [Note] Shutting down plugin 'INNODB_TRX'
2018-12-04T16:47:42.021758Z 0 [Note] Shutting down plugin 'InnoDB'
2018-12-04T16:47:42.022027Z 0 [Note] InnoDB: FTS optimize thread exiting.
2018-12-04T16:47:42.022352Z 0 [Note] InnoDB: Starting shutdown...
2018-12-04T16:47:42.123052Z 0 [Note] InnoDB: Dumping buffer pool(s) to /var/lib/mysql/ib_buffer_pool
2018-12-04T16:47:42.123259Z 0 [Note] InnoDB: Buffer pool(s) dump completed at 181204 16:47:42
2018-12-05T07:10:26.418752Z 0 [Warning] TIMESTAMP with implicit DEFAULT value is deprecated. Please use --explicit_defaults_for_timestamp server option (see documentation for more details).
2018-12-05T07:10:26.467584Z 0 [Note] /usr/sbin/mysqld (mysqld 5.7.23) starting as process 77 ...
2018-12-05T07:10:26.850384Z 0 [Note] InnoDB: PUNCH HOLE support available
2018-12-05T07:10:26.850408Z 0 [Note] InnoDB: Mutexes and rw_locks use GCC atomic builtins
2018-12-05T07:10:26.850412Z 0 [Note] InnoDB: Uses event mutexes
2018-12-05T07:10:26.850416Z 0 [Note] InnoDB: GCC builtin __atomic_thread_fence() is used for memory barrier
2018-12-05T07:10:26.850420Z 0 [Note] InnoDB: Compressed tables use zlib 1.2.3
2018-12-05T07:10:26.850423Z 0 [Note] InnoDB: Using Linux native AIO
2018-12-05T07:10:26.873409Z 0 [Note] InnoDB: Number of pools: 1
2018-12-05T07:10:26.928688Z 0 [Note] InnoDB: Using CPU crc32 instructions
2018-12-05T07:10:26.992913Z 0 [Note] InnoDB: Initializing buffer pool, total size = 32M, instances = 1, chunk size = 32M
2018-12-05T07:10:26.995272Z 0 [Note] InnoDB: Completed initialization of buffer pool
2018-12-05T07:10:26.997241Z 0 [Note] InnoDB: If the mysqld execution user is authorized, page cleaner thread priority can be changed. See the man page of setpriority().
2018-12-05T07:10:27.266295Z 0 [Note] InnoDB: Highest supported file format is Barracuda.
2018-12-05T07:10:27.279710Z 0 [Note] InnoDB: Log scan progressed past the checkpoint lsn 8109493
2018-12-05T07:10:27.279743Z 0 [Note] InnoDB: Doing recovery: scanned up to log sequence number 8109502
2018-12-05T07:10:27.279752Z 0 [Note] InnoDB: Database was not shutdown normally!
2018-12-05T07:10:27.279765Z 0 [Note] InnoDB: Starting crash recovery.
2018-12-05T07:10:28.133480Z 0 [Note] InnoDB: Removed temporary tablespace data file: "ibtmp1"
2018-12-05T07:10:28.142807Z 0 [Note] InnoDB: Creating shared tablespace for temporary tables
2018-12-05T07:10:28.142933Z 0 [Note] InnoDB: Setting file './ibtmp1' size to 12 MB. Physically writing the file full; Please wait ...
2018-12-05T07:10:28.438309Z 0 [Note] InnoDB: File './ibtmp1' size is now 12 MB.
2018-12-05T07:10:28.439395Z 0 [Note] InnoDB: 96 redo rollback segment(s) found. 96 redo rollback segment(s) are active.
2018-12-05T07:10:28.439421Z 0 [Note] InnoDB: 32 non-redo rollback segment(s) are active.
2018-12-05T07:10:28.440407Z 0 [Note] InnoDB: Waiting for purge to start
2018-12-05T07:10:28.491061Z 0 [Note] InnoDB: 5.7.23 started; log sequence number 8109502
2018-12-05T07:10:28.503582Z 0 [Note] InnoDB: Loading buffer pool(s) from /var/lib/mysql/ib_buffer_pool
2018-12-05T07:10:28.506660Z 0 [Note] Plugin 'FEDERATED' is disabled.
2018-12-05T07:10:28.547420Z 0 [Note] InnoDB: Buffer pool(s) load completed at 181205  7:10:28
2018-12-05T07:10:28.556231Z 0 [Warning] Failed to set up SSL because of the following SSL library error: SSL context is not usable without certificate and private key
2018-12-05T07:10:28.556264Z 0 [Note] Server hostname (bind-address): '*'; port: 3306
2018-12-05T07:10:28.560078Z 0 [Note] IPv6 is available.
2018-12-05T07:10:28.560894Z 0 [Note]   - '::' resolves to '::';
2018-12-05T07:10:28.560932Z 0 [Note] Server socket created on IP: '::'.
2018-12-05T07:10:28.610529Z 0 [Warning] Insecure configuration for --pid-file: Location '/var/run/mysqld' in the path is accessible to all OS users. Consider choosing a different directory.
2018-12-05T07:10:28.617548Z 0 [Warning] 'user' entry 'root@localhost' ignored in --skip-name-resolve mode.
2018-12-05T07:10:28.617612Z 0 [Warning] 'user' entry 'mysql.session@localhost' ignored in --skip-name-resolve mode.
2018-12-05T07:10:28.617629Z 0 [Warning] 'user' entry 'mysql.sys@localhost' ignored in --skip-name-resolve mode.
2018-12-05T07:10:28.617668Z 0 [Warning] 'db' entry 'performance_schema mysql.session@localhost' ignored in --skip-name-resolve mode.
2018-12-05T07:10:28.617678Z 0 [Warning] 'db' entry 'sys mysql.sys@localhost' ignored in --skip-name-resolve mode.
2018-12-05T07:10:28.617695Z 0 [Warning] 'proxies_priv' entry '@ root@localhost' ignored in --skip-name-resolve mode.
2018-12-05T07:10:28.628018Z 0 [Warning] 'tables_priv' entry 'user mysql.session@localhost' ignored in --skip-name-resolve mode.
2018-12-05T07:10:28.628052Z 0 [Warning] 'tables_priv' entry 'sys_config mysql.sys@localhost' ignored in --skip-name-resolve mode.
2018-12-05T07:10:28.716537Z 0 [Note] Event Scheduler: Loaded 0 events
2018-12-05T07:10:28.741093Z 0 [Note] /usr/sbin/mysqld: ready for connections.
Version: '5.7.23'  socket: '/var/run/mysqld/mysqld.sock'  port: 3306  MySQL Community Server (GPL)
2018-12-05T16:34:50.597744Z 0 [Note] Giving 0 client threads a chance to die gracefully
2018-12-05T16:34:50.599631Z 0 [Note] Shutting down slave threads
2018-12-05T16:34:50.599925Z 0 [Note] Forcefully disconnecting 0 remaining clients
2018-12-05T16:34:50.599945Z 0 [Note] Event Scheduler: Purging the queue. 0 events
2018-12-05T16:34:50.600051Z 0 [Note] Binlog end
2018-12-05T16:34:50.604021Z 0 [Note] Shutting down plugin 'ngram'
2018-12-05T16:34:50.604046Z 0 [Note] Shutting down plugin 'partition'
2018-12-05T16:34:50.604052Z 0 [Note] Shutting down plugin 'BLACKHOLE'
2018-12-05T16:34:50.604056Z 0 [Note] Shutting down plugin 'ARCHIVE'
2018-12-05T16:34:50.604061Z 0 [Note] Shutting down plugin 'PERFORMANCE_SCHEMA'
2018-12-05T16:34:50.604079Z 0 [Note] Shutting down plugin 'MRG_MYISAM'
2018-12-05T16:34:50.604083Z 0 [Note] Shutting down plugin 'MyISAM'
2018-12-05T16:34:50.604095Z 0 [Note] Shutting down plugin 'INNODB_SYS_VIRTUAL'
2018-12-05T16:34:50.604100Z 0 [Note] Shutting down plugin 'INNODB_SYS_DATAFILES'
2018-12-05T16:34:50.604104Z 0 [Note] Shutting down plugin 'INNODB_SYS_TABLESPACES'
2018-12-05T16:34:50.604117Z 0 [Note] Shutting down plugin 'INNODB_SYS_FOREIGN_COLS'
2018-12-05T16:34:50.604121Z 0 [Note] Shutting down plugin 'INNODB_SYS_FOREIGN'
2018-12-05T16:34:50.604125Z 0 [Note] Shutting down plugin 'INNODB_SYS_FIELDS'
2018-12-05T16:34:50.604128Z 0 [Note] Shutting down plugin 'INNODB_SYS_COLUMNS'
2018-12-05T16:34:50.604132Z 0 [Note] Shutting down plugin 'INNODB_SYS_INDEXES'
2018-12-05T16:34:50.604136Z 0 [Note] Shutting down plugin 'INNODB_SYS_TABLESTATS'
2018-12-05T16:34:50.604139Z 0 [Note] Shutting down plugin 'INNODB_SYS_TABLES'
2018-12-05T16:34:50.604143Z 0 [Note] Shutting down plugin 'INNODB_FT_INDEX_TABLE'
2018-12-05T16:34:50.604147Z 0 [Note] Shutting down plugin 'INNODB_FT_INDEX_CACHE'
2018-12-05T16:34:50.604151Z 0 [Note] Shutting down plugin 'INNODB_FT_CONFIG'
2018-12-05T16:34:50.604155Z 0 [Note] Shutting down plugin 'INNODB_FT_BEING_DELETED'
2018-12-05T16:34:50.604158Z 0 [Note] Shutting down plugin 'INNODB_FT_DELETED'
2018-12-05T16:34:50.604162Z 0 [Note] Shutting down plugin 'INNODB_FT_DEFAULT_STOPWORD'
2018-12-05T16:34:50.604165Z 0 [Note] Shutting down plugin 'INNODB_METRICS'
2018-12-05T16:34:50.604169Z 0 [Note] Shutting down plugin 'INNODB_TEMP_TABLE_INFO'
2018-12-05T16:34:50.604173Z 0 [Note] Shutting down plugin 'INNODB_BUFFER_POOL_STATS'
2018-12-05T16:34:50.604176Z 0 [Note] Shutting down plugin 'INNODB_BUFFER_PAGE_LRU'
2018-12-05T16:34:50.604180Z 0 [Note] Shutting down plugin 'INNODB_BUFFER_PAGE'
2018-12-05T16:34:50.604184Z 0 [Note] Shutting down plugin 'INNODB_CMP_PER_INDEX_RESET'
2018-12-05T16:34:50.604187Z 0 [Note] Shutting down plugin 'INNODB_CMP_PER_INDEX'
2018-12-05T16:34:50.604191Z 0 [Note] Shutting down plugin 'INNODB_CMPMEM_RESET'
2018-12-05T16:34:50.604195Z 0 [Note] Shutting down plugin 'INNODB_CMPMEM'
2018-12-05T16:34:50.604198Z 0 [Note] Shutting down plugin 'INNODB_CMP_RESET'
2018-12-05T16:34:50.604202Z 0 [Note] Shutting down plugin 'INNODB_CMP'
2018-12-05T16:34:50.604206Z 0 [Note] Shutting down plugin 'INNODB_LOCK_WAITS'
2018-12-05T16:34:50.604209Z 0 [Note] Shutting down plugin 'INNODB_LOCKS'
2018-12-05T16:34:50.604213Z 0 [Note] Shutting down plugin 'INNODB_TRX'
2018-12-05T16:34:50.604217Z 0 [Note] Shutting down plugin 'InnoDB'
2018-12-05T16:34:50.604730Z 0 [Note] InnoDB: FTS optimize thread exiting.
2018-12-05T16:34:50.604925Z 0 [Note] InnoDB: Starting shutdown...
2018-12-05T16:34:50.705561Z 0 [Note] InnoDB: Dumping buffer pool(s) to /var/lib/mysql/ib_buffer_pool
2018-12-05T16:34:50.706163Z 0 [Note] InnoDB: Buffer pool(s) dump completed at 181205 16:34:50
2018-12-05T16:34:52.524031Z 0 [Note] InnoDB: Shutdown completed; log sequence number 8617840
2018-12-05T16:34:52.525042Z 0 [Note] InnoDB: Removed temporary tablespace data file: "ibtmp1"
2018-12-05T16:34:52.525063Z 0 [Note] Shutting down plugin 'MEMORY'
2018-12-05T16:34:52.525068Z 0 [Note] Shutting down plugin 'CSV'
2018-12-05T16:34:52.525073Z 0 [Note] Shutting down plugin 'sha256_password'
2018-12-05T16:34:52.525076Z 0 [Note] Shutting down plugin 'mysql_native_password'
2018-12-05T16:34:52.525199Z 0 [Note] Shutting down plugin 'binlog'
2018-12-05T16:34:52.525578Z 0 [Note] /usr/sbin/mysqld: Shutdown complete

2018-12-05T16:34:58.067767Z 0 [Warning] TIMESTAMP with implicit DEFAULT value is deprecated. Please use --explicit_defaults_for_timestamp server option (see documentation for more details).
2018-12-05T16:34:58.068002Z 0 [Note] /usr/sbin/mysqld (mysqld 5.7.23) starting as process 72 ...
2018-12-05T16:34:58.090253Z 0 [Note] InnoDB: PUNCH HOLE support available
2018-12-05T16:34:58.090281Z 0 [Note] InnoDB: Mutexes and rw_locks use GCC atomic builtins
2018-12-05T16:34:58.090285Z 0 [Note] InnoDB: Uses event mutexes
2018-12-05T16:34:58.090288Z 0 [Note] InnoDB: GCC builtin __atomic_thread_fence() is used for memory barrier
2018-12-05T16:34:58.090291Z 0 [Note] InnoDB: Compressed tables use zlib 1.2.3
2018-12-05T16:34:58.090294Z 0 [Note] InnoDB: Using Linux native AIO
2018-12-05T16:34:58.090467Z 0 [Note] InnoDB: Number of pools: 1
2018-12-05T16:34:58.090554Z 0 [Note] InnoDB: Using CPU crc32 instructions
2018-12-05T16:34:58.091882Z 0 [Note] InnoDB: Initializing buffer pool, total size = 32M, instances = 1, chunk size = 32M
2018-12-05T16:34:58.093587Z 0 [Note] InnoDB: Completed initialization of buffer pool
2018-12-05T16:34:58.098138Z 0 [Note] InnoDB: If the mysqld execution user is authorized, page cleaner thread priority can be changed. See the man page of setpriority().
2018-12-05T16:34:58.106478Z 0 [Note] InnoDB: Highest supported file format is Barracuda.
2018-12-05T16:34:58.134847Z 0 [Note] InnoDB: Creating shared tablespace for temporary tables
2018-12-05T16:34:58.134921Z 0 [Note] InnoDB: Setting file './ibtmp1' size to 12 MB. Physically writing the file full; Please wait ...
2018-12-05T16:34:58.170162Z 0 [Note] InnoDB: File './ibtmp1' size is now 12 MB.
2018-12-05T16:34:58.170727Z 0 [Note] InnoDB: 96 redo rollback segment(s) found. 96 redo rollback segment(s) are active.
2018-12-05T16:34:58.170736Z 0 [Note] InnoDB: 32 non-redo rollback segment(s) are active.
2018-12-05T16:34:58.171202Z 0 [Note] InnoDB: Waiting for purge to start
2018-12-05T16:34:58.221363Z 0 [Note] InnoDB: 5.7.23 started; log sequence number 8617840
2018-12-05T16:34:58.221784Z 0 [Note] Plugin 'FEDERATED' is disabled.
2018-12-05T16:34:58.222887Z 0 [Warning] Failed to set up SSL because of the following SSL library error: SSL context is not usable without certificate and private key
2018-12-05T16:34:58.222901Z 0 [Note] Server hostname (bind-address): '*'; port: 3306
2018-12-05T16:34:58.222944Z 0 [Note] IPv6 is available.
2018-12-05T16:34:58.222953Z 0 [Note]   - '::' resolves to '::';
2018-12-05T16:34:58.222959Z 0 [Note] Server socket created on IP: '::'.
2018-12-05T16:34:58.224401Z 0 [Warning] Insecure configuration for --pid-file: Location '/var/run/mysqld' in the path is accessible to all OS users. Consider choosing a different directory.
2018-12-05T16:34:58.225373Z 0 [Warning] 'user' entry 'root@localhost' ignored in --skip-name-resolve mode.
2018-12-05T16:34:58.225399Z 0 [Warning] 'user' entry 'mysql.session@localhost' ignored in --skip-name-resolve mode.
2018-12-05T16:34:58.225406Z 0 [Warning] 'user' entry 'mysql.sys@localhost' ignored in --skip-name-resolve mode.
2018-12-05T16:34:58.225422Z 0 [Warning] 'db' entry 'performance_schema mysql.session@localhost' ignored in --skip-name-resolve mode.
2018-12-05T16:34:58.225426Z 0 [Warning] 'db' entry 'sys mysql.sys@localhost' ignored in --skip-name-resolve mode.
2018-12-05T16:34:58.225434Z 0 [Warning] 'proxies_priv' entry '@ root@localhost' ignored in --skip-name-resolve mode.
2018-12-05T16:34:58.226451Z 0 [Warning] 'tables_priv' entry 'user mysql.session@localhost' ignored in --skip-name-resolve mode.
2018-12-05T16:34:58.226463Z 0 [Warning] 'tables_priv' entry 'sys_config mysql.sys@localhost' ignored in --skip-name-resolve mode.
2018-12-05T16:34:58.233150Z 0 [Note] InnoDB: Loading buffer pool(s) from /var/lib/mysql/ib_buffer_pool
2018-12-05T16:34:58.244321Z 0 [Note] InnoDB: Buffer pool(s) load completed at 181205 16:34:58
2018-12-05T16:34:58.244513Z 0 [Note] Event Scheduler: Loaded 0 events
2018-12-05T16:34:58.247671Z 0 [Note] /usr/sbin/mysqld: ready for connections.
Version: '5.7.23'  socket: '/var/run/mysqld/mysqld.sock'  port: 3306  MySQL Community Server (GPL)
2018-12-06T03:54:06.983299Z 0 [Note] InnoDB: page_cleaner: 1000ms intended loop took 1808913ms. The settings might not be optimal. (flushed=0 and evicted=0, during the time.)
2018-12-06T05:39:21.547172Z 0 [Note] InnoDB: page_cleaner: 1000ms intended loop took 153288ms. The settings might not be optimal. (flushed=0 and evicted=0, during the time.)
2018-12-06T06:34:01.359073Z 0 [Note] InnoDB: page_cleaner: 1000ms intended loop took 227356ms. The settings might not be optimal. (flushed=0 and evicted=0, during the time.)
2018-12-06T07:21:16.452690Z 0 [Note] InnoDB: page_cleaner: 1000ms intended loop took 273730ms. The settings might not be optimal. (flushed=0 and evicted=0, during the time.)
2018-12-06T16:15:32.690233Z 0 [Note] InnoDB: page_cleaner: 1000ms intended loop took 25178198ms. The settings might not be optimal. (flushed=0 and evicted=0, during the time.)
2018-12-06T16:20:14.351412Z 0 [Note] Giving 0 client threads a chance to die gracefully
2018-12-06T16:20:14.430425Z 0 [Note] Shutting down slave threads
2018-12-06T16:20:14.430444Z 0 [Note] Forcefully disconnecting 0 remaining clients
2018-12-06T16:20:14.430453Z 0 [Note] Event Scheduler: Purging the queue. 0 events
2018-12-06T16:20:14.430577Z 0 [Note] Binlog end
2018-12-06T16:20:14.517532Z 0 [Note] Shutting down plugin 'ngram'
2018-12-06T16:20:14.517626Z 0 [Note] Shutting down plugin 'partition'
2018-12-06T16:20:14.517816Z 0 [Note] Shutting down plugin 'BLACKHOLE'
2018-12-06T16:20:14.517850Z 0 [Note] Shutting down plugin 'ARCHIVE'
2018-12-06T16:20:14.517856Z 0 [Note] Shutting down plugin 'PERFORMANCE_SCHEMA'
2018-12-06T16:20:14.517882Z 0 [Note] Shutting down plugin 'MRG_MYISAM'
2018-12-06T16:20:14.517888Z 0 [Note] Shutting down plugin 'MyISAM'
2018-12-06T16:20:14.517901Z 0 [Note] Shutting down plugin 'INNODB_SYS_VIRTUAL'
2018-12-06T16:20:14.517905Z 0 [Note] Shutting down plugin 'INNODB_SYS_DATAFILES'
2018-12-06T16:20:14.517909Z 0 [Note] Shutting down plugin 'INNODB_SYS_TABLESPACES'
2018-12-06T16:20:14.517912Z 0 [Note] Shutting down plugin 'INNODB_SYS_FOREIGN_COLS'
2018-12-06T16:20:14.517915Z 0 [Note] Shutting down plugin 'INNODB_SYS_FOREIGN'
2018-12-06T16:20:14.517918Z 0 [Note] Shutting down plugin 'INNODB_SYS_FIELDS'
2018-12-06T16:20:14.517921Z 0 [Note] Shutting down plugin 'INNODB_SYS_COLUMNS'
2018-12-06T16:20:14.517924Z 0 [Note] Shutting down plugin 'INNODB_SYS_INDEXES'
2018-12-06T16:20:14.517928Z 0 [Note] Shutting down plugin 'INNODB_SYS_TABLESTATS'
2018-12-06T16:20:14.517931Z 0 [Note] Shutting down plugin 'INNODB_SYS_TABLES'
2018-12-06T16:20:14.517934Z 0 [Note] Shutting down plugin 'INNODB_FT_INDEX_TABLE'
2018-12-06T16:20:14.517937Z 0 [Note] Shutting down plugin 'INNODB_FT_INDEX_CACHE'
2018-12-06T16:20:14.517941Z 0 [Note] Shutting down plugin 'INNODB_FT_CONFIG'
2018-12-06T16:20:14.517968Z 0 [Note] Shutting down plugin 'INNODB_FT_BEING_DELETED'
2018-12-06T16:20:14.517972Z 0 [Note] Shutting down plugin 'INNODB_FT_DELETED'
2018-12-06T16:20:14.517975Z 0 [Note] Shutting down plugin 'INNODB_FT_DEFAULT_STOPWORD'
2018-12-06T16:20:14.517978Z 0 [Note] Shutting down plugin 'INNODB_METRICS'
2018-12-06T16:20:14.517981Z 0 [Note] Shutting down plugin 'INNODB_TEMP_TABLE_INFO'
2018-12-06T16:20:14.517984Z 0 [Note] Shutting down plugin 'INNODB_BUFFER_POOL_STATS'
2018-12-06T16:20:14.517987Z 0 [Note] Shutting down plugin 'INNODB_BUFFER_PAGE_LRU'
2018-12-06T16:20:14.517991Z 0 [Note] Shutting down plugin 'INNODB_BUFFER_PAGE'
2018-12-06T16:20:14.517994Z 0 [Note] Shutting down plugin 'INNODB_CMP_PER_INDEX_RESET'
2018-12-06T16:20:14.517997Z 0 [Note] Shutting down plugin 'INNODB_CMP_PER_INDEX'
2018-12-06T16:20:14.518000Z 0 [Note] Shutting down plugin 'INNODB_CMPMEM_RESET'
2018-12-06T16:20:14.518004Z 0 [Note] Shutting down plugin 'INNODB_CMPMEM'
2018-12-06T16:20:14.518007Z 0 [Note] Shutting down plugin 'INNODB_CMP_RESET'
2018-12-06T16:20:14.518010Z 0 [Note] Shutting down plugin 'INNODB_CMP'
2018-12-06T16:20:14.518014Z 0 [Note] Shutting down plugin 'INNODB_LOCK_WAITS'
2018-12-06T16:20:14.518017Z 0 [Note] Shutting down plugin 'INNODB_LOCKS'
2018-12-06T16:20:14.518020Z 0 [Note] Shutting down plugin 'INNODB_TRX'
2018-12-06T16:20:14.518023Z 0 [Note] Shutting down plugin 'InnoDB'
2018-12-06T16:20:14.518147Z 0 [Note] InnoDB: FTS optimize thread exiting.
2018-12-06T16:20:14.518342Z 0 [Note] InnoDB: Starting shutdown...
2018-12-06T16:20:14.619459Z 0 [Note] InnoDB: Dumping buffer pool(s) to /var/lib/mysql/ib_buffer_pool
2018-12-06T16:20:14.619699Z 0 [Note] InnoDB: Buffer pool(s) dump completed at 181206 16:20:14
2018-12-06T16:20:16.926999Z 0 [Note] InnoDB: Shutdown completed; log sequence number 9341102
2018-12-06T16:20:16.945827Z 0 [Note] InnoDB: Removed temporary tablespace data file: "ibtmp1"
2018-12-06T16:20:16.945868Z 0 [Note] Shutting down plugin 'MEMORY'
2018-12-06T16:20:16.945876Z 0 [Note] Shutting down plugin 'CSV'
2018-12-06T16:20:16.945882Z 0 [Note] Shutting down plugin 'sha256_password'
2018-12-06T16:20:16.945885Z 0 [Note] Shutting down plugin 'mysql_native_password'
2018-12-06T16:20:16.946703Z 0 [Note] Shutting down plugin 'binlog'
2018-12-06T16:20:16.947317Z 0 [Note] /usr/sbin/mysqld: Shutdown complete

2018-12-06T21:29:03.224700Z 0 [Warning] TIMESTAMP with implicit DEFAULT value is deprecated. Please use --explicit_defaults_for_timestamp server option (see documentation for more details).
2018-12-06T21:29:03.225259Z 0 [Note] /usr/sbin/mysqld (mysqld 5.7.23) starting as process 72 ...
2018-12-06T21:29:03.250594Z 0 [Note] InnoDB: PUNCH HOLE support available
2018-12-06T21:29:03.250627Z 0 [Note] InnoDB: Mutexes and rw_locks use GCC atomic builtins
2018-12-06T21:29:03.250631Z 0 [Note] InnoDB: Uses event mutexes
2018-12-06T21:29:03.250635Z 0 [Note] InnoDB: GCC builtin __atomic_thread_fence() is used for memory barrier
2018-12-06T21:29:03.250685Z 0 [Note] InnoDB: Compressed tables use zlib 1.2.3
2018-12-06T21:29:03.250709Z 0 [Note] InnoDB: Using Linux native AIO
2018-12-06T21:29:03.251029Z 0 [Note] InnoDB: Number of pools: 1
2018-12-06T21:29:03.251242Z 0 [Note] InnoDB: Using CPU crc32 instructions
2018-12-06T21:29:03.253558Z 0 [Note] InnoDB: Initializing buffer pool, total size = 32M, instances = 1, chunk size = 32M
2018-12-06T21:29:03.266579Z 0 [Note] InnoDB: Completed initialization of buffer pool
2018-12-06T21:29:03.268915Z 0 [Note] InnoDB: If the mysqld execution user is authorized, page cleaner thread priority can be changed. See the man page of setpriority().
2018-12-06T21:29:03.280519Z 0 [Note] InnoDB: Highest supported file format is Barracuda.
2018-12-06T21:29:03.313343Z 0 [Note] InnoDB: Creating shared tablespace for temporary tables
2018-12-06T21:29:03.313542Z 0 [Note] InnoDB: Setting file './ibtmp1' size to 12 MB. Physically writing the file full; Please wait ...
2018-12-06T21:29:03.380226Z 0 [Note] InnoDB: File './ibtmp1' size is now 12 MB.
2018-12-06T21:29:03.380924Z 0 [Note] InnoDB: 96 redo rollback segment(s) found. 96 redo rollback segment(s) are active.
2018-12-06T21:29:03.380945Z 0 [Note] InnoDB: 32 non-redo rollback segment(s) are active.
2018-12-06T21:29:03.381668Z 0 [Note] InnoDB: Waiting for purge to start
2018-12-06T21:29:03.432038Z 0 [Note] InnoDB: 5.7.23 started; log sequence number 9341102
2018-12-06T21:29:03.433641Z 0 [Note] Plugin 'FEDERATED' is disabled.
2018-12-06T21:29:03.437541Z 0 [Warning] Failed to set up SSL because of the following SSL library error: SSL context is not usable without certificate and private key
2018-12-06T21:29:03.437571Z 0 [Note] Server hostname (bind-address): '*'; port: 3306
2018-12-06T21:29:03.437626Z 0 [Note] IPv6 is available.
2018-12-06T21:29:03.437645Z 0 [Note]   - '::' resolves to '::';
2018-12-06T21:29:03.437656Z 0 [Note] Server socket created on IP: '::'.
2018-12-06T21:29:03.449025Z 0 [Note] InnoDB: Loading buffer pool(s) from /var/lib/mysql/ib_buffer_pool
2018-12-06T21:29:03.459980Z 0 [Warning] Insecure configuration for --pid-file: Location '/var/run/mysqld' in the path is accessible to all OS users. Consider choosing a different directory.
2018-12-06T21:29:03.462244Z 0 [Warning] 'user' entry 'root@localhost' ignored in --skip-name-resolve mode.
2018-12-06T21:29:03.462289Z 0 [Warning] 'user' entry 'mysql.session@localhost' ignored in --skip-name-resolve mode.
2018-12-06T21:29:03.462305Z 0 [Warning] 'user' entry 'mysql.sys@localhost' ignored in --skip-name-resolve mode.
2018-12-06T21:29:03.462325Z 0 [Warning] 'db' entry 'performance_schema mysql.session@localhost' ignored in --skip-name-resolve mode.
2018-12-06T21:29:03.462330Z 0 [Warning] 'db' entry 'sys mysql.sys@localhost' ignored in --skip-name-resolve mode.
2018-12-06T21:29:03.462339Z 0 [Warning] 'proxies_priv' entry '@ root@localhost' ignored in --skip-name-resolve mode.
2018-12-06T21:29:03.465352Z 0 [Note] InnoDB: Buffer pool(s) load completed at 181206 21:29:03
2018-12-06T21:29:03.466172Z 0 [Warning] 'tables_priv' entry 'user mysql.session@localhost' ignored in --skip-name-resolve mode.
2018-12-06T21:29:03.466290Z 0 [Warning] 'tables_priv' entry 'sys_config mysql.sys@localhost' ignored in --skip-name-resolve mode.
2018-12-06T21:29:03.510194Z 0 [Note] Event Scheduler: Loaded 0 events
2018-12-06T21:29:03.525194Z 0 [Note] /usr/sbin/mysqld: ready for connections.
Version: '5.7.23'  socket: '/var/run/mysqld/mysqld.sock'  port: 3306  MySQL Community Server (GPL)
